2023-05-21 04:20:33 Loading main app package /nix/store/k618hndgijwgfkar87wds0yih2hkhls6-obsidian-1.1.16/share/obsidian/obsidian.asar
2023-05-21 04:20:34 Checking for update using Github
2023-05-21 04:20:35 Success.
2023-05-21 04:20:35 Latest version is 1.2.8
2023-05-21 04:20:35 Downloading update from https://github.com/obsidianmd/obsidian-releases/releases/download/v1.2.8/obsidian-1.2.8.asar.gz
2023-05-21 04:20:36 Verifying hash & signature. Size= 6033374
2023-05-21 04:20:36 Saving file
2023-05-21 04:20:36 Update complete.
2023-05-21 05:32:41 Loading updated app package /home/alfurqani/.config/obsidian/obsidian-1.2.8.asar
2023-05-21 05:32:42 Checking for update using Github
2023-05-21 05:32:43 Success.
2023-05-21 05:32:43 Latest version is 1.2.8
2023-05-21 05:32:43 App is up to date.
2023-05-21 07:19:36 Loading updated app package /home/alfurqani/.config/obsidian/obsidian-1.2.8.asar
2023-05-21 07:19:37 Checking for update using Github
2023-05-21 07:19:37 Success.
2023-05-21 07:19:37 Latest version is 1.2.8
2023-05-21 07:19:37 App is up to date.
2023-05-21 08:19:36 Checking for update using Github
2023-05-21 08:19:37 Success.
2023-05-21 08:19:37 Latest version is 1.2.8
2023-05-21 08:19:37 App is up to date.
2023-05-21 09:19:36 Checking for update using Github
2023-05-21 09:19:37 Success.
2023-05-21 09:19:37 Latest version is 1.2.8
2023-05-21 09:19:37 App is up to date.
2023-05-21 09:37:57 Loading main app package /nix/store/hm5z9n4al7qb6y61hy5y4h1cn433z9w4-obsidian-1.2.8/share/obsidian/obsidian.asar
2023-05-21 09:37:57 Checking for update using Github
2023-05-21 09:37:58 Success.
2023-05-21 09:37:58 Latest version is 1.2.8
2023-05-21 09:37:58 App is up to date.
2023-05-21 13:45:36 Loading main app package /nix/store/hm5z9n4al7qb6y61hy5y4h1cn433z9w4-obsidian-1.2.8/share/obsidian/obsidian.asar
2023-05-21 13:45:36 Checking for update using Github
2023-05-21 13:45:37 Success.
2023-05-21 13:45:37 Latest version is 1.2.8
2023-05-21 13:45:37 App is up to date.
2023-05-21 13:48:07 Loading main app package /nix/store/hm5z9n4al7qb6y61hy5y4h1cn433z9w4-obsidian-1.2.8/share/obsidian/obsidian.asar
2023-05-21 13:48:08 Checking for update using Github
2023-05-21 13:48:08 Success.
2023-05-21 13:48:08 Latest version is 1.2.8
2023-05-21 13:48:08 App is up to date.
2023-05-21 13:48:47 Loading main app package /nix/store/hm5z9n4al7qb6y61hy5y4h1cn433z9w4-obsidian-1.2.8/share/obsidian/obsidian.asar
2023-05-21 13:48:48 Checking for update using Github
2023-05-21 13:48:48 Success.
2023-05-21 13:48:48 Latest version is 1.2.8
2023-05-21 13:48:48 App is up to date.
2023-05-21 13:57:07 Loading main app package /nix/store/hm5z9n4al7qb6y61hy5y4h1cn433z9w4-obsidian-1.2.8/share/obsidian/obsidian.asar
2023-05-21 13:57:08 Checking for update using Github
2023-05-21 13:57:09 Success.
2023-05-21 13:57:09 Latest version is 1.2.8
2023-05-21 13:57:09 App is up to date.
2023-05-27 12:59:36 Loading main app package /nix/store/hm5z9n4al7qb6y61hy5y4h1cn433z9w4-obsidian-1.2.8/share/obsidian/obsidian.asar
2023-05-27 12:59:37 Checking for update using Github
2023-05-27 12:59:38 Success.
2023-05-27 12:59:38 Latest version is 1.3.4
2023-05-27 12:59:38 Downloading update from https://github.com/obsidianmd/obsidian-releases/releases/download/v1.3.4/obsidian-1.3.4.asar.gz
2023-05-27 12:59:48 Verifying hash & signature. Size= 7579467
2023-05-27 12:59:48 Saving file
2023-05-27 12:59:48 Update complete.
2023-05-27 13:59:36 Checking for update using Github
2023-05-27 13:59:36 Success.
2023-05-27 13:59:36 Latest version is 1.3.4
2023-05-27 13:59:36 An update is already downloaded.
2023-05-28 01:45:34 Loading updated app package /home/alfurqani/.config/obsidian/obsidian-1.3.4.asar
2023-05-28 01:45:35 Checking for update using Github
2023-05-28 01:45:36 Success.
2023-05-28 01:45:36 Latest version is 1.3.4
2023-05-28 01:45:36 App is up to date.
2023-05-28 02:45:34 Checking for update using Github
2023-05-28 02:45:34 Success.
2023-05-28 02:45:34 Latest version is 1.3.4
2023-05-28 02:45:34 App is up to date.
2023-05-28 03:45:34 Checking for update using Github
2023-05-28 03:45:34 Success.
2023-05-28 03:45:34 Latest version is 1.3.4
2023-05-28 03:45:34 App is up to date.
2023-05-28 05:36:11 Loading updated app package /home/alfurqani/.config/obsidian/obsidian-1.3.4.asar
2023-05-28 05:36:12 Checking for update using Github
2023-05-28 05:36:12 Success.
2023-05-28 05:36:12 Latest version is 1.3.4
2023-05-28 05:36:12 App is up to date.
2023-05-28 06:36:11 Checking for update using Github
2023-05-28 06:36:12 Success.
2023-05-28 06:36:12 Latest version is 1.3.4
2023-05-28 06:36:12 App is up to date.
2023-05-28 07:36:11 Checking for update using Github
2023-05-28 07:36:12 Success.
2023-05-28 07:36:12 Latest version is 1.3.4
2023-05-28 07:36:12 App is up to date.
2023-05-28 08:36:12 Checking for update using Github
2023-05-28 08:36:12 Success.
2023-05-28 08:36:12 Latest version is 1.3.4
2023-05-28 08:36:12 App is up to date.
2023-05-28 09:36:12 Checking for update using Github
2023-05-28 09:36:12 Success.
2023-05-28 09:36:12 Latest version is 1.3.4
2023-05-28 09:36:12 App is up to date.
2023-05-31 17:02:20 Loading main app package /nix/store/zfxd0s7bqmlcfp1x9c4wfyplcgcqn0gm-obsidian-1.3.4/share/obsidian/obsidian.asar
2023-05-31 17:02:23 Checking for update using Github
2023-05-31 17:02:25 Success.
2023-05-31 17:02:25 Latest version is 1.3.4
2023-05-31 17:02:25 App is up to date.
2023-05-31 18:02:20 Checking for update using Github
2023-05-31 18:02:21 Success.
2023-05-31 18:02:21 Latest version is 1.3.4
2023-05-31 18:02:21 App is up to date.
2023-05-31 19:02:20 Checking for update using Github
2023-05-31 19:02:21 Success.
2023-05-31 19:02:21 Latest version is 1.3.4
2023-05-31 19:02:21 App is up to date.
2023-05-31 20:02:20 Checking for update using Github
2023-05-31 20:02:20 Failed to check for update using Github (net::ERR_INTERNET_DISCONNECTED)
2023-05-31 20:02:20 Checking for update using obsidian.md
2023-05-31 20:02:20 Failed to check for update using obsidian.md (net::ERR_INTERNET_DISCONNECTED)
2023-05-31 21:02:20 Checking for update using Github
2023-05-31 21:02:20 Failed to check for update using Github (net::ERR_INTERNET_DISCONNECTED)
2023-05-31 21:02:20 Checking for update using obsidian.md
2023-05-31 21:02:20 Failed to check for update using obsidian.md (net::ERR_INTERNET_DISCONNECTED)
2023-05-31 22:02:20 Checking for update using Github
2023-05-31 22:02:21 Success.
2023-05-31 22:02:21 Latest version is 1.3.4
2023-05-31 22:02:21 App is up to date.
2023-05-31 23:02:20 Checking for update using Github
2023-05-31 23:02:21 Success.
2023-05-31 23:02:21 Latest version is 1.3.4
2023-05-31 23:02:21 App is up to date.
2023-06-01 00:02:20 Checking for update using Github
2023-06-01 00:02:21 Success.
2023-06-01 00:02:21 Latest version is 1.3.4
2023-06-01 00:02:21 App is up to date.
2023-06-01 00:24:57 Loading main app package /nix/store/zfxd0s7bqmlcfp1x9c4wfyplcgcqn0gm-obsidian-1.3.4/share/obsidian/obsidian.asar
2023-06-01 00:25:05 Checking for update using Github
2023-06-01 00:25:08 Success.
2023-06-01 00:25:08 Latest version is 1.3.4
2023-06-01 00:25:08 App is up to date.
2023-06-01 01:24:57 Checking for update using Github
2023-06-01 01:24:57 Success.
2023-06-01 01:24:57 Latest version is 1.3.4
2023-06-01 01:24:57 App is up to date.
2023-06-01 02:24:57 Checking for update using Github
2023-06-01 02:25:13 Success.
2023-06-01 02:25:13 Latest version is 1.3.4
2023-06-01 02:25:13 App is up to date.
2023-06-01 03:24:55 Checking for update using Github
2023-06-01 03:25:11 Success.
2023-06-01 03:25:11 Latest version is 1.3.4
2023-06-01 03:25:11 App is up to date.
2023-06-01 07:29:29 Checking for update using Github
2023-06-01 07:29:32 Success.
2023-06-01 07:29:32 Latest version is 1.3.4
2023-06-01 07:29:32 App is up to date.
2023-06-01 08:29:29 Checking for update using Github
2023-06-01 08:29:29 Success.
2023-06-01 08:29:29 Latest version is 1.3.4
2023-06-01 08:29:29 App is up to date.
2023-06-07 00:24:47 Loading main app package /nix/store/zfxd0s7bqmlcfp1x9c4wfyplcgcqn0gm-obsidian-1.3.4/share/obsidian/obsidian.asar
2023-06-07 00:24:51 Checking for update using Github
2023-06-07 00:24:52 Success.
2023-06-07 00:24:52 Latest version is 1.3.5
2023-06-07 00:24:52 Downloading update from https://github.com/obsidianmd/obsidian-releases/releases/download/v1.3.5/obsidian-1.3.5.asar.gz
2023-06-07 00:24:55 Verifying hash & signature. Size= 7610287
2023-06-07 00:24:56 Saving file
2023-06-07 00:24:56 Update complete.
2023-06-07 01:32:18 Loading main app package /nix/store/bxwni8bw0p0r5mpinml44vcqy00lw032-obsidian-1.3.5/share/obsidian/obsidian.asar
2023-06-07 01:32:18 Checking for update using Github
2023-06-07 01:32:19 Success.
2023-06-07 01:32:19 Latest version is 1.3.5
2023-06-07 01:32:19 App is up to date.
2023-06-07 04:53:04 Checking for update using Github
2023-06-07 04:53:04 Success.
2023-06-07 04:53:04 Latest version is 1.3.5
2023-06-07 04:53:04 App is up to date.
2023-06-08 10:19:55 Loading main app package /nix/store/bxwni8bw0p0r5mpinml44vcqy00lw032-obsidian-1.3.5/share/obsidian/obsidian.asar
2023-06-08 10:19:56 Checking for update using Github
2023-06-08 10:19:57 Success.
2023-06-08 10:19:57 Latest version is 1.3.5
2023-06-08 10:19:57 App is up to date.
2023-06-08 13:01:24 Loading main app package /nix/store/bxwni8bw0p0r5mpinml44vcqy00lw032-obsidian-1.3.5/share/obsidian/obsidian.asar
2023-06-08 13:01:25 Checking for update using Github
2023-06-08 13:01:26 Success.
2023-06-08 13:01:26 Latest version is 1.3.5
2023-06-08 13:01:26 App is up to date.
2023-06-08 13:03:07 Loading main app package /nix/store/bxwni8bw0p0r5mpinml44vcqy00lw032-obsidian-1.3.5/share/obsidian/obsidian.asar
2023-06-08 13:03:08 Checking for update using Github
2023-06-08 13:03:08 Success.
2023-06-08 13:03:08 Latest version is 1.3.5
2023-06-08 13:03:08 App is up to date.
2023-06-08 14:03:07 Checking for update using Github
2023-06-08 14:03:08 Success.
2023-06-08 14:03:08 Latest version is 1.3.5
2023-06-08 14:03:08 App is up to date.
2023-06-09 00:44:24 Checking for update using Github
2023-06-09 00:44:24 Success.
2023-06-09 00:44:24 Latest version is 1.3.5
2023-06-09 00:44:24 App is up to date.
2023-06-09 01:44:24 Checking for update using Github
2023-06-09 01:44:24 Success.
2023-06-09 01:44:24 Latest version is 1.3.5
2023-06-09 01:44:24 App is up to date.
2023-06-09 02:16:08 Loading main app package /nix/store/bxwni8bw0p0r5mpinml44vcqy00lw032-obsidian-1.3.5/share/obsidian/obsidian.asar
2023-06-09 02:16:09 Checking for update using Github
2023-06-09 02:16:09 Success.
2023-06-09 02:16:09 Latest version is 1.3.5
2023-06-09 02:16:09 App is up to date.
2023-06-09 03:16:08 Checking for update using Github
2023-06-09 03:16:08 Success.
2023-06-09 03:16:08 Latest version is 1.3.5
2023-06-09 03:16:08 App is up to date.
2023-06-09 04:16:08 Checking for update using Github
2023-06-09 04:16:08 Success.
2023-06-09 04:16:08 Latest version is 1.3.5
2023-06-09 04:16:08 App is up to date.
2023-06-09 05:16:08 Checking for update using Github
2023-06-09 05:16:08 Success.
2023-06-09 05:16:08 Latest version is 1.3.5
2023-06-09 05:16:08 App is up to date.
2023-06-09 06:16:08 Checking for update using Github
2023-06-09 06:16:08 Success.
2023-06-09 06:16:08 Latest version is 1.3.5
2023-06-09 06:16:08 App is up to date.
2023-06-12 01:47:28 Loading main app package /nix/store/xwk1pmqprydl4wqhc4a8cfblx46w7qkv-obsidian-1.3.5/share/obsidian/obsidian.asar
2023-06-12 01:47:33 Checking for update using Github
2023-06-12 01:47:36 Success.
2023-06-12 01:47:36 Latest version is 1.3.5
2023-06-12 01:47:36 App is up to date.
2023-06-12 02:47:28 Checking for update using Github
2023-06-12 02:47:28 Success.
2023-06-12 02:47:28 Latest version is 1.3.5
2023-06-12 02:47:28 App is up to date.
2023-06-12 03:47:28 Checking for update using Github
2023-06-12 03:47:28 Success.
2023-06-12 03:47:28 Latest version is 1.3.5
2023-06-12 03:47:28 App is up to date.
2023-06-26 09:39:47 Loading main app package /nix/store/xwk1pmqprydl4wqhc4a8cfblx46w7qkv-obsidian-1.3.5/share/obsidian/obsidian.asar
2023-06-26 09:39:47 Checking for update using Github
2023-06-26 09:39:48 Success.
2023-06-26 09:39:48 Latest version is 1.3.5
2023-06-26 09:39:48 App is up to date.
2023-06-26 10:39:47 Checking for update using Github
2023-06-26 10:39:47 Success.
2023-06-26 10:39:47 Latest version is 1.3.5
2023-06-26 10:39:47 App is up to date.
2023-06-26 11:39:47 Checking for update using Github
2023-06-26 11:39:47 Success.
2023-06-26 11:39:47 Latest version is 1.3.5
2023-06-26 11:39:47 App is up to date.
2023-06-26 12:39:47 Checking for update using Github
2023-06-26 12:39:47 Success.
2023-06-26 12:39:47 Latest version is 1.3.5
2023-06-26 12:39:47 App is up to date.
2023-06-26 13:39:47 Checking for update using Github
2023-06-26 13:39:47 Success.
2023-06-26 13:39:47 Latest version is 1.3.5
2023-06-26 13:39:47 App is up to date.
2023-06-26 14:39:47 Checking for update using Github
2023-06-26 14:39:47 Success.
2023-06-26 14:39:47 Latest version is 1.3.5
2023-06-26 14:39:47 App is up to date.
2023-06-26 20:26:50 Checking for update using Github
2023-06-26 20:26:50 Success.
2023-06-26 20:26:50 Latest version is 1.3.5
2023-06-26 20:26:50 App is up to date.
2023-06-26 21:26:50 Checking for update using Github
2023-06-26 21:26:50 Success.
2023-06-26 21:26:50 Latest version is 1.3.5
2023-06-26 21:26:50 App is up to date.
2023-06-26 22:26:50 Checking for update using Github
2023-06-26 22:26:50 Success.
2023-06-26 22:26:50 Latest version is 1.3.5
2023-06-26 22:26:50 App is up to date.
2023-06-26 23:26:50 Checking for update using Github
2023-06-26 23:26:50 Success.
2023-06-26 23:26:50 Latest version is 1.3.5
2023-06-26 23:26:50 App is up to date.
2023-06-27 00:26:50 Checking for update using Github
2023-06-27 00:26:51 Success.
2023-06-27 00:26:51 Latest version is 1.3.5
2023-06-27 00:26:51 App is up to date.
2023-06-27 01:26:51 Checking for update using Github
2023-06-27 01:26:52 Success.
2023-06-27 01:26:52 Latest version is 1.3.5
2023-06-27 01:26:52 App is up to date.
2023-07-02 05:31:42 Loading main app package /nix/store/8p9w8m26rp61lncifzhngz5l73ikr1gm-obsidian-1.3.5/share/obsidian/obsidian.asar
2023-07-02 05:31:43 Checking for update using Github
2023-07-02 05:31:43 Success.
2023-07-02 05:31:43 Latest version is 1.3.5
2023-07-02 05:31:43 App is up to date.
2023-07-02 06:28:07 Loading main app package /nix/store/8p9w8m26rp61lncifzhngz5l73ikr1gm-obsidian-1.3.5/share/obsidian/obsidian.asar
2023-07-02 06:28:07 Checking for update using Github
2023-07-02 06:28:08 Success.
2023-07-02 06:28:08 Latest version is 1.3.5
2023-07-02 06:28:08 App is up to date.
2023-07-02 07:28:06 Checking for update using Github
2023-07-02 07:28:07 Success.
2023-07-02 07:28:07 Latest version is 1.3.5
2023-07-02 07:28:07 App is up to date.
2023-07-02 13:29:32 Checking for update using Github
2023-07-02 13:29:32 Success.
2023-07-02 13:29:32 Latest version is 1.3.5
2023-07-02 13:29:32 App is up to date.
2023-07-02 14:29:32 Checking for update using Github
2023-07-02 14:29:32 Success.
2023-07-02 14:29:32 Latest version is 1.3.5
2023-07-02 14:29:32 App is up to date.
2023-07-03 00:46:37 Checking for update using Github
2023-07-03 00:46:37 Success.
2023-07-03 00:46:37 Latest version is 1.3.5
2023-07-03 00:46:37 App is up to date.
2023-07-06 00:50:50 Loading main app package /nix/store/8p9w8m26rp61lncifzhngz5l73ikr1gm-obsidian-1.3.5/share/obsidian/obsidian.asar
2023-07-06 00:50:51 Checking for update using Github
2023-07-06 00:50:51 Success.
2023-07-06 00:50:51 Latest version is 1.3.5
2023-07-06 00:50:51 App is up to date.
2023-07-09 12:22:56 Loading main app package /nix/store/vc5nayhmbqqhj10zv9pzdxsk309a2zs9-obsidian-1.3.5/share/obsidian/obsidian.asar
2023-07-09 12:22:57 Checking for update using Github
2023-07-09 12:22:58 Success.
2023-07-09 12:22:58 Latest version is 1.3.5
2023-07-09 12:22:58 App is up to date.
2023-07-10 01:04:28 Loading main app package /nix/store/vc5nayhmbqqhj10zv9pzdxsk309a2zs9-obsidian-1.3.5/share/obsidian/obsidian.asar
2023-07-10 01:04:36 Checking for update using Github
2023-07-10 01:04:38 Success.
2023-07-10 01:04:38 Latest version is 1.3.5
2023-07-10 01:04:38 App is up to date.
2023-07-10 02:19:07 Loading main app package /nix/store/vc5nayhmbqqhj10zv9pzdxsk309a2zs9-obsidian-1.3.5/share/obsidian/obsidian.asar
2023-07-10 02:19:09 Checking for update using Github
2023-07-10 02:19:10 Success.
2023-07-10 02:19:10 Latest version is 1.3.5
2023-07-10 02:19:10 App is up to date.
2023-07-10 03:19:07 Checking for update using Github
2023-07-10 03:19:07 Success.
2023-07-10 03:19:07 Latest version is 1.3.5
2023-07-10 03:19:07 App is up to date.
2023-07-10 13:39:41 Loading main app package /nix/store/bxwni8bw0p0r5mpinml44vcqy00lw032-obsidian-1.3.5/share/obsidian/obsidian.asar
2023-07-10 13:39:42 Checking for update using Github
2023-07-10 13:39:42 Success.
2023-07-10 13:39:42 Latest version is 1.3.5
2023-07-10 13:39:42 App is up to date.
2023-07-11 00:53:00 Loading main app package /nix/store/vc5nayhmbqqhj10zv9pzdxsk309a2zs9-obsidian-1.3.5/share/obsidian/obsidian.asar
2023-07-11 00:53:01 Checking for update using Github
2023-07-11 00:53:01 Success.
2023-07-11 00:53:01 Latest version is 1.3.5
2023-07-11 00:53:01 App is up to date.
2023-07-13 23:23:55 Loading main app package /nix/store/vc5nayhmbqqhj10zv9pzdxsk309a2zs9-obsidian-1.3.5/share/obsidian/obsidian.asar
2023-07-13 23:23:56 Checking for update using Github
2023-07-13 23:23:56 Success.
2023-07-13 23:23:56 Latest version is 1.3.5
2023-07-13 23:23:56 App is up to date.
2023-07-14 00:23:55 Checking for update using Github
2023-07-14 00:23:55 Success.
2023-07-14 00:23:55 Latest version is 1.3.5
2023-07-14 00:23:55 App is up to date.
2023-07-14 01:23:55 Checking for update using Github
2023-07-14 01:23:55 Success.
2023-07-14 01:23:55 Latest version is 1.3.5
2023-07-14 01:23:55 App is up to date.
2023-07-14 02:23:55 Checking for update using Github
2023-07-14 02:23:56 Success.
2023-07-14 02:23:56 Latest version is 1.3.5
2023-07-14 02:23:56 App is up to date.
2023-07-14 03:23:56 Checking for update using Github
2023-07-14 03:23:56 Success.
2023-07-14 03:23:56 Latest version is 1.3.5
2023-07-14 03:23:56 App is up to date.
2023-07-14 05:51:23 Checking for update using Github
2023-07-14 05:51:23 Success.
2023-07-14 05:51:23 Latest version is 1.3.5
2023-07-14 05:51:23 App is up to date.
2023-07-14 06:19:05 Loading main app package /nix/store/vc5nayhmbqqhj10zv9pzdxsk309a2zs9-obsidian-1.3.5/share/obsidian/obsidian.asar
2023-07-14 06:19:06 Checking for update using Github
2023-07-14 06:19:06 Success.
2023-07-14 06:19:06 Latest version is 1.3.5
2023-07-14 06:19:06 App is up to date.
2023-07-14 07:19:05 Checking for update using Github
2023-07-14 07:19:05 Success.
2023-07-14 07:19:05 Latest version is 1.3.5
2023-07-14 07:19:05 App is up to date.
2023-07-14 09:16:18 Checking for update using Github
2023-07-14 09:16:18 Success.
2023-07-14 09:16:18 Latest version is 1.3.5
2023-07-14 09:16:18 App is up to date.
2023-07-14 10:16:19 Checking for update using Github
2023-07-14 10:16:19 Success.
2023-07-14 10:16:19 Latest version is 1.3.5
2023-07-14 10:16:19 App is up to date.
2023-07-14 14:22:49 Checking for update using Github
2023-07-14 14:22:49 Success.
2023-07-14 14:22:49 Latest version is 1.3.5
2023-07-14 14:22:49 App is up to date.
2023-07-14 18:53:44 Checking for update using Github
2023-07-14 18:53:47 Loading main app package /nix/store/vc5nayhmbqqhj10zv9pzdxsk309a2zs9-obsidian-1.3.5/share/obsidian/obsidian.asar
2023-07-14 18:53:47 Checking for update using Github
2023-07-14 18:53:47 Success.
2023-07-14 18:53:47 Latest version is 1.3.5
2023-07-14 18:53:47 App is up to date.
2023-07-14 19:53:47 Checking for update using Github
2023-07-14 19:53:47 Success.
2023-07-14 19:53:47 Latest version is 1.3.5
2023-07-14 19:53:47 App is up to date.
2023-07-15 01:00:39 Loading main app package /nix/store/vc5nayhmbqqhj10zv9pzdxsk309a2zs9-obsidian-1.3.5/share/obsidian/obsidian.asar
2023-07-15 01:00:39 Checking for update using Github
2023-07-15 01:00:40 Success.
2023-07-15 01:00:40 Latest version is 1.3.5
2023-07-15 01:00:40 App is up to date.
2023-07-15 02:00:39 Checking for update using Github
2023-07-15 02:00:39 Success.
2023-07-15 02:00:39 Latest version is 1.3.5
2023-07-15 02:00:39 App is up to date.
2023-07-15 03:00:39 Checking for update using Github
2023-07-15 03:00:39 Success.
2023-07-15 03:00:39 Latest version is 1.3.5
2023-07-15 03:00:39 App is up to date.
2023-07-15 09:40:37 Loading main app package /nix/store/vc5nayhmbqqhj10zv9pzdxsk309a2zs9-obsidian-1.3.5/share/obsidian/obsidian.asar
2023-07-15 09:40:38 Checking for update using Github
2023-07-15 09:40:38 Success.
2023-07-15 09:40:38 Latest version is 1.3.5
2023-07-15 09:40:38 App is up to date.
2023-07-15 11:14:54 Checking for update using Github
2023-07-15 11:14:54 Success.
2023-07-15 11:14:54 Latest version is 1.3.5
2023-07-15 11:14:54 App is up to date.
2023-07-15 19:35:24 Checking for update using Github
2023-07-15 19:35:25 Success.
2023-07-15 19:35:25 Latest version is 1.3.5
2023-07-15 19:35:25 App is up to date.
2023-07-15 20:35:24 Checking for update using Github
2023-07-15 20:35:25 Success.
2023-07-15 20:35:25 Latest version is 1.3.5
2023-07-15 20:35:25 App is up to date.
2023-07-15 21:35:24 Checking for update using Github
2023-07-15 21:35:25 Success.
2023-07-15 21:35:25 Latest version is 1.3.5
2023-07-15 21:35:25 App is up to date.
2023-07-15 22:35:25 Checking for update using Github
2023-07-15 22:35:25 Success.
2023-07-15 22:35:25 Latest version is 1.3.5
2023-07-15 22:35:25 App is up to date.
2023-07-15 23:35:25 Checking for update using Github
2023-07-15 23:35:25 Success.
2023-07-15 23:35:25 Latest version is 1.3.5
2023-07-15 23:35:25 App is up to date.
2023-07-16 00:35:25 Checking for update using Github
2023-07-16 00:35:25 Success.
2023-07-16 00:35:25 Latest version is 1.3.5
2023-07-16 00:35:25 App is up to date.
2023-07-16 01:35:25 Checking for update using Github
2023-07-16 01:35:25 Success.
2023-07-16 01:35:25 Latest version is 1.3.5
2023-07-16 01:35:25 App is up to date.
2023-07-16 02:35:25 Checking for update using Github
2023-07-16 02:35:25 Success.
2023-07-16 02:35:25 Latest version is 1.3.5
2023-07-16 02:35:25 App is up to date.
2023-07-16 03:35:25 Checking for update using Github
2023-07-16 03:35:25 Success.
2023-07-16 03:35:25 Latest version is 1.3.5
2023-07-16 03:35:25 App is up to date.
2023-07-16 04:35:25 Checking for update using Github
2023-07-16 04:35:26 Success.
2023-07-16 04:35:26 Latest version is 1.3.5
2023-07-16 04:35:26 App is up to date.
2023-07-16 05:35:25 Checking for update using Github
2023-07-16 05:35:25 Success.
2023-07-16 05:35:25 Latest version is 1.3.5
2023-07-16 05:35:25 App is up to date.
2023-07-16 06:35:25 Checking for update using Github
2023-07-16 06:35:25 Success.
2023-07-16 06:35:25 Latest version is 1.3.5
2023-07-16 06:35:25 App is up to date.
2023-07-16 13:02:47 Checking for update using Github
2023-07-16 13:02:47 Success.
2023-07-16 13:02:47 Latest version is 1.3.5
2023-07-16 13:02:47 App is up to date.
2023-07-16 14:02:47 Checking for update using Github
2023-07-16 14:02:47 Success.
2023-07-16 14:02:47 Latest version is 1.3.5
2023-07-16 14:02:47 App is up to date.
2023-07-16 15:02:47 Checking for update using Github
2023-07-16 15:02:47 Failed to check for update using Github (net::ERR_INTERNET_DISCONNECTED)
2023-07-16 15:02:47 Checking for update using obsidian.md
2023-07-16 15:02:47 Failed to check for update using obsidian.md (net::ERR_INTERNET_DISCONNECTED)
2023-07-16 16:02:47 Checking for update using Github
2023-07-16 16:02:47 Failed to check for update using Github (net::ERR_INTERNET_DISCONNECTED)
2023-07-16 16:02:47 Checking for update using obsidian.md
2023-07-16 16:02:47 Failed to check for update using obsidian.md (net::ERR_INTERNET_DISCONNECTED)
2023-07-16 17:02:47 Checking for update using Github
2023-07-16 17:02:47 Failed to check for update using Github (net::ERR_INTERNET_DISCONNECTED)
2023-07-16 17:02:47 Checking for update using obsidian.md
2023-07-16 17:02:47 Failed to check for update using obsidian.md (net::ERR_INTERNET_DISCONNECTED)
2023-07-16 18:02:47 Checking for update using Github
2023-07-16 18:02:47 Failed to check for update using Github (net::ERR_INTERNET_DISCONNECTED)
2023-07-16 18:02:47 Checking for update using obsidian.md
2023-07-16 18:02:47 Failed to check for update using obsidian.md (net::ERR_INTERNET_DISCONNECTED)
2023-07-16 19:02:48 Checking for update using Github
2023-07-16 19:02:48 Success.
2023-07-16 19:02:48 Latest version is 1.3.5
2023-07-16 19:02:48 App is up to date.
2023-07-16 20:02:48 Checking for update using Github
2023-07-16 20:02:48 Success.
2023-07-16 20:02:48 Latest version is 1.3.5
2023-07-16 20:02:48 App is up to date.
2023-07-16 21:02:48 Checking for update using Github
2023-07-16 21:02:48 Success.
2023-07-16 21:02:48 Latest version is 1.3.5
2023-07-16 21:02:48 App is up to date.
2023-07-16 22:02:48 Checking for update using Github
2023-07-16 22:02:48 Success.
2023-07-16 22:02:48 Latest version is 1.3.5
2023-07-16 22:02:48 App is up to date.
2023-07-16 23:02:48 Checking for update using Github
2023-07-16 23:02:48 Success.
2023-07-16 23:02:48 Latest version is 1.3.5
2023-07-16 23:02:48 App is up to date.
2023-07-17 00:02:48 Checking for update using Github
2023-07-17 00:02:48 Success.
2023-07-17 00:02:48 Latest version is 1.3.5
2023-07-17 00:02:48 App is up to date.
2023-07-17 01:02:48 Checking for update using Github
2023-07-17 01:02:48 Success.
2023-07-17 01:02:48 Latest version is 1.3.5
2023-07-17 01:02:48 App is up to date.
2023-07-17 02:02:48 Checking for update using Github
2023-07-17 02:02:49 Success.
2023-07-17 02:02:49 Latest version is 1.3.5
2023-07-17 02:02:49 App is up to date.
2023-07-17 03:28:37 Loading main app package /nix/store/vc5nayhmbqqhj10zv9pzdxsk309a2zs9-obsidian-1.3.5/share/obsidian/obsidian.asar
2023-07-17 03:28:38 Checking for update using Github
2023-07-17 03:28:38 Success.
2023-07-17 03:28:38 Latest version is 1.3.5
2023-07-17 03:28:38 App is up to date.
2023-07-17 03:56:29 Loading main app package /nix/store/vc5nayhmbqqhj10zv9pzdxsk309a2zs9-obsidian-1.3.5/share/obsidian/obsidian.asar
2023-07-17 03:56:30 Checking for update using Github
2023-07-17 04:28:38 Checking for update using Github
2023-07-17 04:28:38 Success.
2023-07-17 04:28:38 Latest version is 1.3.5
2023-07-17 04:28:38 App is up to date.
2023-07-17 05:28:38 Checking for update using Github
2023-07-17 05:28:38 Success.
2023-07-17 05:28:38 Latest version is 1.3.5
2023-07-17 05:28:38 App is up to date.
2023-07-17 06:28:38 Checking for update using Github
2023-07-17 06:28:38 Success.
2023-07-17 06:28:38 Latest version is 1.3.5
2023-07-17 06:28:38 App is up to date.
2023-07-17 07:28:38 Checking for update using Github
2023-07-17 07:28:38 Success.
2023-07-17 07:28:38 Latest version is 1.3.5
2023-07-17 07:28:38 App is up to date.
2023-07-17 08:28:38 Checking for update using Github
2023-07-17 08:28:38 Success.
2023-07-17 08:28:38 Latest version is 1.3.5
2023-07-17 08:28:38 App is up to date.
2023-07-17 09:28:38 Checking for update using Github
2023-07-17 09:28:38 Success.
2023-07-17 09:28:38 Latest version is 1.3.5
2023-07-17 09:28:38 App is up to date.
2023-07-17 10:28:38 Checking for update using Github
2023-07-17 10:28:38 Success.
2023-07-17 10:28:38 Latest version is 1.3.5
2023-07-17 10:28:38 App is up to date.
2023-07-17 11:28:38 Checking for update using Github
2023-07-17 11:28:38 Success.
2023-07-17 11:28:38 Latest version is 1.3.5
2023-07-17 11:28:38 App is up to date.
2023-07-17 12:28:38 Checking for update using Github
2023-07-17 12:28:38 Success.
2023-07-17 12:28:38 Latest version is 1.3.5
2023-07-17 12:28:38 App is up to date.
2023-07-17 13:28:38 Checking for update using Github
2023-07-17 13:28:39 Success.
2023-07-17 13:28:39 Latest version is 1.3.5
2023-07-17 13:28:39 App is up to date.
2023-07-17 14:28:39 Checking for update using Github
2023-07-17 14:28:39 Success.
2023-07-17 14:28:39 Latest version is 1.3.5
2023-07-17 14:28:39 App is up to date.
2023-07-17 17:50:59 Checking for update using Github
2023-07-17 17:51:00 Success.
2023-07-17 17:51:00 Latest version is 1.3.5
2023-07-17 17:51:00 App is up to date.
2023-07-17 18:50:59 Checking for update using Github
2023-07-17 18:51:00 Success.
2023-07-17 18:51:00 Latest version is 1.3.5
2023-07-17 18:51:00 App is up to date.
2023-07-17 19:51:00 Checking for update using Github
2023-07-17 19:51:00 Success.
2023-07-17 19:51:00 Latest version is 1.3.5
2023-07-17 19:51:00 App is up to date.
2023-07-17 20:51:00 Checking for update using Github
2023-07-17 20:51:00 Success.
2023-07-17 20:51:00 Latest version is 1.3.5
2023-07-17 20:51:00 App is up to date.
2023-07-17 21:51:00 Checking for update using Github
2023-07-17 21:51:00 Success.
2023-07-17 21:51:00 Latest version is 1.3.5
2023-07-17 21:51:00 App is up to date.
2023-07-17 22:51:00 Checking for update using Github
2023-07-17 22:51:00 Success.
2023-07-17 22:51:00 Latest version is 1.3.5
2023-07-17 22:51:00 App is up to date.
2023-07-17 23:51:00 Checking for update using Github
2023-07-17 23:51:00 Success.
2023-07-17 23:51:00 Latest version is 1.3.5
2023-07-17 23:51:00 App is up to date.
2023-07-18 00:51:00 Checking for update using Github
2023-07-18 00:51:00 Success.
2023-07-18 00:51:00 Latest version is 1.3.5
2023-07-18 00:51:00 App is up to date.
2023-07-18 01:51:00 Checking for update using Github
2023-07-18 01:51:00 Success.
2023-07-18 01:51:00 Latest version is 1.3.5
2023-07-18 01:51:00 App is up to date.
2023-07-18 02:51:00 Checking for update using Github
2023-07-18 02:51:00 Success.
2023-07-18 02:51:00 Latest version is 1.3.5
2023-07-18 02:51:00 App is up to date.
2023-07-18 03:51:00 Checking for update using Github
2023-07-18 03:51:01 Success.
2023-07-18 03:51:01 Latest version is 1.3.5
2023-07-18 03:51:01 App is up to date.
2023-07-18 04:51:01 Checking for update using Github
2023-07-18 04:51:01 Success.
2023-07-18 04:51:01 Latest version is 1.3.5
2023-07-18 04:51:01 App is up to date.
2023-07-18 05:51:01 Checking for update using Github
2023-07-18 05:51:01 Success.
2023-07-18 05:51:01 Latest version is 1.3.5
2023-07-18 05:51:01 App is up to date.
2023-07-18 06:51:01 Checking for update using Github
2023-07-18 06:51:01 Success.
2023-07-18 06:51:01 Latest version is 1.3.5
2023-07-18 06:51:01 App is up to date.
2023-07-18 07:51:01 Checking for update using Github
2023-07-18 07:51:01 Success.
2023-07-18 07:51:01 Latest version is 1.3.5
2023-07-18 07:51:01 App is up to date.
2023-07-18 08:51:01 Checking for update using Github
2023-07-18 08:51:01 Success.
2023-07-18 08:51:01 Latest version is 1.3.5
2023-07-18 08:51:01 App is up to date.
2023-07-18 09:51:01 Checking for update using Github
2023-07-18 09:51:01 Success.
2023-07-18 09:51:01 Latest version is 1.3.5
2023-07-18 09:51:01 App is up to date.
2023-07-18 10:08:29 Loading main app package /nix/store/vc5nayhmbqqhj10zv9pzdxsk309a2zs9-obsidian-1.3.5/share/obsidian/obsidian.asar
2023-07-18 10:08:29 Checking for update using Github
2023-07-18 10:08:30 Success.
2023-07-18 10:08:30 Latest version is 1.3.5
2023-07-18 10:08:30 App is up to date.
2023-07-18 12:32:34 Loading main app package /nix/store/vc5nayhmbqqhj10zv9pzdxsk309a2zs9-obsidian-1.3.5/share/obsidian/obsidian.asar
2023-07-18 12:32:35 Checking for update using Github
2023-07-18 12:32:35 Success.
2023-07-18 12:32:35 Latest version is 1.3.5
2023-07-18 12:32:35 App is up to date.
2023-07-18 13:32:34 Checking for update using Github
2023-07-18 13:32:34 Success.
2023-07-18 13:32:34 Latest version is 1.3.5
2023-07-18 13:32:34 App is up to date.
2023-07-18 14:32:34 Checking for update using Github
2023-07-18 14:32:34 Success.
2023-07-18 14:32:34 Latest version is 1.3.5
2023-07-18 14:32:34 App is up to date.
2023-07-18 15:32:34 Checking for update using Github
2023-07-18 15:32:34 Failed to check for update using Github (net::ERR_INTERNET_DISCONNECTED)
2023-07-18 15:32:34 Checking for update using obsidian.md
2023-07-18 15:32:34 Failed to check for update using obsidian.md (net::ERR_INTERNET_DISCONNECTED)
2023-07-18 16:32:34 Checking for update using Github
2023-07-18 16:32:34 Failed to check for update using Github (net::ERR_INTERNET_DISCONNECTED)
2023-07-18 16:32:34 Checking for update using obsidian.md
2023-07-18 16:32:34 Failed to check for update using obsidian.md (net::ERR_INTERNET_DISCONNECTED)
2023-07-18 17:32:34 Checking for update using Github
2023-07-18 17:32:34 Failed to check for update using Github (net::ERR_INTERNET_DISCONNECTED)
2023-07-18 17:32:34 Checking for update using obsidian.md
2023-07-18 17:32:34 Failed to check for update using obsidian.md (net::ERR_INTERNET_DISCONNECTED)
2023-07-18 18:32:35 Checking for update using Github
2023-07-18 18:32:35 Failed to check for update using Github (net::ERR_INTERNET_DISCONNECTED)
2023-07-18 18:32:35 Checking for update using obsidian.md
2023-07-18 18:32:35 Failed to check for update using obsidian.md (net::ERR_INTERNET_DISCONNECTED)
2023-07-18 19:32:35 Checking for update using Github
2023-07-18 19:32:35 Success.
2023-07-18 19:32:35 Latest version is 1.3.5
2023-07-18 19:32:35 App is up to date.
2023-07-18 20:32:35 Checking for update using Github
2023-07-18 20:32:35 Success.
2023-07-18 20:32:35 Latest version is 1.3.5
2023-07-18 20:32:35 App is up to date.
2023-07-18 21:32:35 Checking for update using Github
2023-07-18 21:32:35 Success.
2023-07-18 21:32:35 Latest version is 1.3.5
2023-07-18 21:32:35 App is up to date.
2023-07-18 22:32:35 Checking for update using Github
2023-07-18 22:32:35 Success.
2023-07-18 22:32:35 Latest version is 1.3.5
2023-07-18 22:32:35 App is up to date.
2023-07-18 23:32:35 Checking for update using Github
2023-07-18 23:32:35 Success.
2023-07-18 23:32:35 Latest version is 1.3.5
2023-07-18 23:32:35 App is up to date.
2023-07-19 00:32:35 Checking for update using Github
2023-07-19 00:32:35 Success.
2023-07-19 00:32:35 Latest version is 1.3.5
2023-07-19 00:32:35 App is up to date.
2023-07-19 01:32:35 Checking for update using Github
2023-07-19 01:32:35 Success.
2023-07-19 01:32:35 Latest version is 1.3.5
2023-07-19 01:32:35 App is up to date.
2023-07-19 02:32:35 Checking for update using Github
2023-07-19 02:32:35 Success.
2023-07-19 02:32:35 Latest version is 1.3.5
2023-07-19 02:32:35 App is up to date.
2023-07-19 03:32:35 Checking for update using Github
2023-07-19 03:32:35 Success.
2023-07-19 03:32:35 Latest version is 1.3.5
2023-07-19 03:32:35 App is up to date.
2023-07-19 03:37:16 Loading main app package /nix/store/vc5nayhmbqqhj10zv9pzdxsk309a2zs9-obsidian-1.3.5/share/obsidian/obsidian.asar
2023-07-19 03:37:17 Checking for update using Github
2023-07-19 04:32:35 Checking for update using Github
2023-07-19 04:32:36 Success.
2023-07-19 04:32:36 Latest version is 1.3.5
2023-07-19 04:32:36 App is up to date.
2023-07-19 05:32:35 Checking for update using Github
2023-07-19 05:32:36 Success.
2023-07-19 05:32:36 Latest version is 1.3.5
2023-07-19 05:32:36 App is up to date.
2023-07-19 06:32:36 Checking for update using Github
2023-07-19 06:32:36 Success.
2023-07-19 06:32:36 Latest version is 1.3.5
2023-07-19 06:32:36 App is up to date.
2023-07-19 07:32:36 Checking for update using Github
2023-07-19 07:32:36 Success.
2023-07-19 07:32:36 Latest version is 1.3.5
2023-07-19 07:32:36 App is up to date.
2023-07-19 08:32:36 Checking for update using Github
2023-07-19 08:32:36 Success.
2023-07-19 08:32:36 Latest version is 1.3.5
2023-07-19 08:32:36 App is up to date.
2023-07-19 09:32:36 Checking for update using Github
2023-07-19 09:32:36 Failed to check for update using Github (net::ERR_INTERNET_DISCONNECTED)
2023-07-19 09:32:36 Checking for update using obsidian.md
2023-07-19 09:32:36 Failed to check for update using obsidian.md (net::ERR_INTERNET_DISCONNECTED)
2023-07-19 14:55:51 Loading main app package /nix/store/vc5nayhmbqqhj10zv9pzdxsk309a2zs9-obsidian-1.3.5/share/obsidian/obsidian.asar
2023-07-19 14:55:52 Checking for update using Github
2023-07-19 14:55:52 Success.
2023-07-19 14:55:52 Latest version is 1.3.5
2023-07-19 14:55:52 App is up to date.
2023-07-19 15:55:52 Checking for update using Github
2023-07-19 15:55:52 Failed to check for update using Github (net::ERR_INTERNET_DISCONNECTED)
2023-07-19 15:55:52 Checking for update using obsidian.md
2023-07-19 15:55:52 Failed to check for update using obsidian.md (net::ERR_INTERNET_DISCONNECTED)
2023-07-19 16:55:52 Checking for update using Github
2023-07-19 16:55:52 Success.
2023-07-19 16:55:52 Latest version is 1.3.5
2023-07-19 16:55:52 App is up to date.
2023-07-19 17:55:52 Checking for update using Github
2023-07-19 17:55:52 Success.
2023-07-19 17:55:52 Latest version is 1.3.5
2023-07-19 17:55:52 App is up to date.
2023-07-19 18:55:52 Checking for update using Github
2023-07-19 18:55:52 Success.
2023-07-19 18:55:52 Latest version is 1.3.5
2023-07-19 18:55:52 App is up to date.
2023-07-19 19:55:52 Checking for update using Github
2023-07-19 19:55:52 Success.
2023-07-19 19:55:52 Latest version is 1.3.5
2023-07-19 19:55:52 App is up to date.
2023-07-19 20:55:52 Checking for update using Github
2023-07-19 20:55:52 Success.
2023-07-19 20:55:52 Latest version is 1.3.5
2023-07-19 20:55:52 App is up to date.
2023-07-19 21:55:52 Checking for update using Github
2023-07-19 21:55:52 Success.
2023-07-19 21:55:52 Latest version is 1.3.5
2023-07-19 21:55:52 App is up to date.
2023-07-19 22:55:52 Checking for update using Github
2023-07-19 22:55:52 Success.
2023-07-19 22:55:52 Latest version is 1.3.5
2023-07-19 22:55:52 App is up to date.
2023-07-19 23:55:52 Checking for update using Github
2023-07-19 23:55:52 Success.
2023-07-19 23:55:52 Latest version is 1.3.5
2023-07-19 23:55:52 App is up to date.
2023-07-20 02:24:41 Loading main app package /nix/store/vc5nayhmbqqhj10zv9pzdxsk309a2zs9-obsidian-1.3.5/share/obsidian/obsidian.asar
2023-07-20 02:24:42 Checking for update using Github
2023-07-20 02:24:42 Success.
2023-07-20 02:24:42 Latest version is 1.3.5
2023-07-20 02:24:42 App is up to date.
2023-07-20 02:32:43 Loading main app package /nix/store/vc5nayhmbqqhj10zv9pzdxsk309a2zs9-obsidian-1.3.5/share/obsidian/obsidian.asar
2023-07-20 02:32:43 Checking for update using Github
2023-07-20 02:32:44 Success.
2023-07-20 02:32:44 Latest version is 1.3.5
2023-07-20 02:32:44 App is up to date.
2023-07-20 03:33:52 Loading main app package /nix/store/vc5nayhmbqqhj10zv9pzdxsk309a2zs9-obsidian-1.3.5/share/obsidian/obsidian.asar
2023-07-20 03:33:53 Checking for update using Github
2023-07-20 03:33:53 Success.
2023-07-20 03:33:53 Latest version is 1.3.5
2023-07-20 03:33:53 App is up to date.
2023-07-20 04:33:52 Checking for update using Github
2023-07-20 04:33:52 Success.
2023-07-20 04:33:52 Latest version is 1.3.5
2023-07-20 04:33:52 App is up to date.
2023-07-20 05:33:52 Checking for update using Github
2023-07-20 05:33:52 Success.
2023-07-20 05:33:52 Latest version is 1.3.5
2023-07-20 05:33:52 App is up to date.
2023-07-20 06:33:52 Checking for update using Github
2023-07-20 06:33:52 Success.
2023-07-20 06:33:52 Latest version is 1.3.5
2023-07-20 06:33:52 App is up to date.
2023-07-20 06:44:23 Loading main app package /nix/store/vc5nayhmbqqhj10zv9pzdxsk309a2zs9-obsidian-1.3.5/share/obsidian/obsidian.asar
2023-07-20 06:44:23 Checking for update using Github
2023-07-20 07:33:52 Checking for update using Github
2023-07-20 07:33:52 Success.
2023-07-20 07:33:52 Latest version is 1.3.5
2023-07-20 07:33:52 App is up to date.
2023-07-20 08:33:52 Checking for update using Github
2023-07-20 08:33:52 Success.
2023-07-20 08:33:52 Latest version is 1.3.5
2023-07-20 08:33:52 App is up to date.
2023-07-20 09:33:52 Checking for update using Github
2023-07-20 09:33:53 Success.
2023-07-20 09:33:53 Latest version is 1.3.5
2023-07-20 09:33:53 App is up to date.
2023-07-20 13:46:23 Loading main app package /nix/store/vc5nayhmbqqhj10zv9pzdxsk309a2zs9-obsidian-1.3.5/share/obsidian/obsidian.asar
2023-07-20 13:46:24 Checking for update using Github
2023-07-20 13:46:25 Success.
2023-07-20 13:46:25 Latest version is 1.3.5
2023-07-20 13:46:25 App is up to date.
2023-07-20 21:07:44 Loading main app package /nix/store/vc5nayhmbqqhj10zv9pzdxsk309a2zs9-obsidian-1.3.5/share/obsidian/obsidian.asar
2023-07-20 21:07:44 Checking for update using Github
2023-07-20 21:07:45 Success.
2023-07-20 21:07:45 Latest version is 1.3.5
2023-07-20 21:07:45 App is up to date.
2023-07-20 22:07:44 Checking for update using Github
2023-07-20 22:07:44 Success.
2023-07-20 22:07:44 Latest version is 1.3.5
2023-07-20 22:07:44 App is up to date.
2023-07-20 23:07:44 Checking for update using Github
2023-07-20 23:07:44 Success.
2023-07-20 23:07:44 Latest version is 1.3.5
2023-07-20 23:07:44 App is up to date.
2023-07-21 00:07:44 Checking for update using Github
2023-07-21 00:07:44 Success.
2023-07-21 00:07:44 Latest version is 1.3.5
2023-07-21 00:07:44 App is up to date.
2023-07-21 01:07:44 Checking for update using Github
2023-07-21 01:08:14 Failed to check for update using Github (net::ERR_TIMED_OUT)
2023-07-21 01:08:14 Checking for update using obsidian.md
2023-07-21 01:15:57 Failed to check for update using obsidian.md (net::ERR_TIMED_OUT)
2023-07-21 02:07:44 Checking for update using Github
2023-07-21 02:07:44 Success.
2023-07-21 02:07:44 Latest version is 1.3.5
2023-07-21 02:07:44 App is up to date.
2023-07-21 02:45:09 Loading main app package /nix/store/pffcrv01vf1i5qdyfgw2cgxdx10rn8lj-obsidian-1.3.5/share/obsidian/obsidian.asar
2023-07-21 02:45:09 Checking for update using Github
2023-07-21 02:45:10 Success.
2023-07-21 02:45:10 Latest version is 1.3.5
2023-07-21 02:45:10 App is up to date.
2023-07-21 03:45:09 Checking for update using Github
2023-07-21 03:45:09 Success.
2023-07-21 03:45:09 Latest version is 1.3.5
2023-07-21 03:45:09 App is up to date.
2023-07-21 04:45:09 Checking for update using Github
2023-07-21 04:45:09 Success.
2023-07-21 04:45:09 Latest version is 1.3.5
2023-07-21 04:45:09 App is up to date.
2023-07-21 06:47:00 Loading main app package /nix/store/a6jdihx4mri2609hmz6ninxh2791nf17-obsidian-1.3.5/share/obsidian/obsidian.asar
2023-07-21 06:47:00 Checking for update using Github
2023-07-21 06:47:01 Success.
2023-07-21 06:47:01 Latest version is 1.3.5
2023-07-21 06:47:01 App is up to date.
2023-07-21 07:47:00 Checking for update using Github
2023-07-21 07:47:00 Success.
2023-07-21 07:47:00 Latest version is 1.3.5
2023-07-21 07:47:00 App is up to date.
2023-07-21 08:47:00 Checking for update using Github
2023-07-21 08:47:00 Success.
2023-07-21 08:47:00 Latest version is 1.3.5
2023-07-21 08:47:00 App is up to date.
2023-07-21 09:11:49 Loading main app package /nix/store/vc5nayhmbqqhj10zv9pzdxsk309a2zs9-obsidian-1.3.5/share/obsidian/obsidian.asar
2023-07-21 09:11:50 Checking for update using Github
2023-07-21 09:11:51 Success.
2023-07-21 09:11:51 Latest version is 1.3.5
2023-07-21 09:11:51 App is up to date.
2023-07-21 09:22:16 Loading main app package /nix/store/vc5nayhmbqqhj10zv9pzdxsk309a2zs9-obsidian-1.3.5/share/obsidian/obsidian.asar
2023-07-21 09:22:17 Checking for update using Github
2023-07-21 09:22:18 Success.
2023-07-21 09:22:18 Latest version is 1.3.5
2023-07-21 09:22:18 App is up to date.
2023-07-21 09:27:52 Loading main app package /nix/store/vc5nayhmbqqhj10zv9pzdxsk309a2zs9-obsidian-1.3.5/share/obsidian/obsidian.asar
2023-07-21 09:27:53 Checking for update using Github
2023-07-21 09:27:54 Success.
2023-07-21 09:27:54 Latest version is 1.3.5
2023-07-21 09:27:54 App is up to date.
2023-07-21 10:27:53 Checking for update using Github
2023-07-21 10:27:53 Success.
2023-07-21 10:27:53 Latest version is 1.3.5
2023-07-21 10:27:53 App is up to date.
2023-07-21 11:27:53 Checking for update using Github
2023-07-21 11:27:53 Success.
2023-07-21 11:27:53 Latest version is 1.3.5
2023-07-21 11:27:53 App is up to date.
2023-07-21 12:27:53 Checking for update using Github
2023-07-21 12:27:54 Success.
2023-07-21 12:27:54 Latest version is 1.3.5
2023-07-21 12:27:54 App is up to date.
2023-07-21 13:27:54 Checking for update using Github
2023-07-21 13:27:54 Success.
2023-07-21 13:27:54 Latest version is 1.3.5
2023-07-21 13:27:54 App is up to date.
2023-07-21 14:27:54 Checking for update using Github
2023-07-21 14:27:54 Success.
2023-07-21 14:27:54 Latest version is 1.3.5
2023-07-21 14:27:54 App is up to date.
2023-07-23 06:31:24 Loading main app package /nix/store/a6jdihx4mri2609hmz6ninxh2791nf17-obsidian-1.3.5/share/obsidian/obsidian.asar
2023-07-23 06:31:25 Checking for update using Github
2023-07-23 06:31:26 Success.
2023-07-23 06:31:26 Latest version is 1.3.5
2023-07-23 06:31:26 App is up to date.
2023-07-23 09:36:34 Loading main app package /nix/store/a6jdihx4mri2609hmz6ninxh2791nf17-obsidian-1.3.5/share/obsidian/obsidian.asar
2023-07-23 09:36:35 Checking for update using Github
2023-07-23 09:36:35 Success.
2023-07-23 09:36:35 Latest version is 1.3.5
2023-07-23 09:36:35 App is up to date.
2023-07-23 09:47:31 Loading main app package /nix/store/a6jdihx4mri2609hmz6ninxh2791nf17-obsidian-1.3.5/share/obsidian/obsidian.asar
2023-07-23 09:47:32 Checking for update using Github
2023-07-23 09:47:32 Success.
2023-07-23 09:47:32 Latest version is 1.3.5
2023-07-23 09:47:32 App is up to date.
2023-07-23 09:52:29 Loading main app package /nix/store/a6jdihx4mri2609hmz6ninxh2791nf17-obsidian-1.3.5/share/obsidian/obsidian.asar
2023-07-23 09:52:30 Checking for update using Github
2023-07-23 09:52:30 Success.
2023-07-23 09:52:30 Latest version is 1.3.5
2023-07-23 09:52:30 App is up to date.
2023-07-23 09:52:45 Loading main app package /nix/store/a6jdihx4mri2609hmz6ninxh2791nf17-obsidian-1.3.5/share/obsidian/obsidian.asar
2023-07-23 09:52:45 Checking for update using Github
2023-07-23 09:52:46 Success.
2023-07-23 09:52:46 Latest version is 1.3.5
2023-07-23 09:52:46 App is up to date.
2023-07-23 10:52:45 Checking for update using Github
2023-07-23 10:52:45 Success.
2023-07-23 10:52:45 Latest version is 1.3.5
2023-07-23 10:52:45 App is up to date.
2023-07-23 11:52:45 Checking for update using Github
2023-07-23 11:52:45 Success.
2023-07-23 11:52:45 Latest version is 1.3.5
2023-07-23 11:52:45 App is up to date.
2023-07-23 12:52:45 Checking for update using Github
2023-07-23 12:52:45 Success.
2023-07-23 12:52:45 Latest version is 1.3.5
2023-07-23 12:52:45 App is up to date.
2023-07-23 13:52:45 Checking for update using Github
2023-07-23 13:52:45 Success.
2023-07-23 13:52:45 Latest version is 1.3.5
2023-07-23 13:52:45 App is up to date.
2023-07-23 22:03:00 Checking for update using Github
2023-07-23 22:03:00 Success.
2023-07-23 22:03:00 Latest version is 1.3.5
2023-07-23 22:03:00 App is up to date.
2023-07-23 23:03:00 Checking for update using Github
2023-07-23 23:03:00 Success.
2023-07-23 23:03:00 Latest version is 1.3.5
2023-07-23 23:03:00 App is up to date.
2023-07-24 00:03:00 Checking for update using Github
2023-07-24 00:03:01 Success.
2023-07-24 00:03:01 Latest version is 1.3.5
2023-07-24 00:03:01 App is up to date.
2023-07-24 01:03:00 Checking for update using Github
2023-07-24 01:03:01 Success.
2023-07-24 01:03:01 Latest version is 1.3.5
2023-07-24 01:03:01 App is up to date.
